<?xml version="1.0" encoding="UTF-8"?>
<!-- Generated by org.testng.reporters.JUnitReportReporter -->
<testsuite hostname="DESKTOP-RSTI6NI" failures="0" tests="1" name="testCase.PositiveTestCase" time="3.007" errors="0" timestamp="2025-06-03T23:56:30 BST" skipped="0">
  <testcase classname="testCase.PositiveTestCase" name="loginTest" time="3.007"/>
</testsuite> <!-- testCase.PositiveTestCase -->
