<?xml version="1.0" encoding="UTF-8"?>
<!-- Generated by org.testng.reporters.JUnitReportReporter -->
<testsuite hostname="DESKTOP-RSTI6NI" failures="0" tests="1" name="testCase.NegativeTestCase" time="2.028" errors="0" timestamp="2025-06-03T23:56:30 BST" skipped="0">
  <testcase classname="testCase.NegativeTestCase" name="loginNegativeCase" time="2.028"/>
</testsuite> <!-- testCase.NegativeTestCase -->
